[debug] [2022-11-28T20:14:33.707Z] ----------------------------------------------------------------------
[debug] [2022-11-28T20:14:33.708Z] Command:       /opt/homebrew/Cellar/node/17.2.0/bin/node /opt/homebrew/bin/firebase init hosting
[debug] [2022-11-28T20:14:33.708Z] CLI Version:   11.16.1
[debug] [2022-11-28T20:14:33.708Z] Platform:      darwin
[debug] [2022-11-28T20:14:33.708Z] Node Version:  v17.2.0
[debug] [2022-11-28T20:14:33.714Z] Time:          Tue Nov 29 2022 01:44:33 GMT+0530 (India Standard Time)
[debug] [2022-11-28T20:14:33.714Z] ----------------------------------------------------------------------
[debug] 
[debug] [2022-11-28T20:14:33.717Z] > command requires scopes: ["email","openid","https://www.googleapis.com/auth/cloudplatformprojects.readonly","https://www.googleapis.com/auth/firebase","https://www.googleapis.com/auth/cloud-platform"]
[debug] [2022-11-28T20:14:33.717Z] > authorizing via signed-in user (agniveer2022@gmail.com)
[info] 
     ######## #### ########  ######## ########     ###     ######  ########
     ##        ##  ##     ## ##       ##     ##  ##   ##  ##       ##
     ######    ##  ########  ######   ########  #########  ######  ######
     ##        ##  ##    ##  ##       ##     ## ##     ##       ## ##
     ##       #### ##     ## ######## ########  ##     ##  ######  ########

You're about to initialize a Firebase project in this directory:

  /Users/eddie/shivamnew

[info] 
=== Project Setup
[info] 
[info] First, let's associate this project directory with a Firebase project.
[info] You can create multiple project aliases by running firebase use --add, 
[info] but for now we'll just set up a default project.
[info] 
[info] i  If you want to create a project in a Google Cloud organization or folder, please use "firebase projects:create" instead, and return to this command when you've created the project. 
[debug] [2022-11-28T20:15:40.594Z] >>> [apiv2][query] POST https://cloudresourcemanager.googleapis.com/v1/projects [none]
[debug] [2022-11-28T20:15:40.594Z] >>> [apiv2][body] POST https://cloudresourcemanager.googleapis.com/v1/projects {"projectId":"notification0x339","name":"notificationalert0x337"}
[debug] [2022-11-28T20:15:42.840Z] <<< [apiv2][status] POST https://cloudresourcemanager.googleapis.com/v1/projects 200
[debug] [2022-11-28T20:15:42.840Z] <<< [apiv2][body] POST https://cloudresourcemanager.googleapis.com/v1/projects {"name":"operations/cp.7255480672480680441"}
[debug] [2022-11-28T20:15:42.841Z] >>> [apiv2][query] GET https://cloudresourcemanager.googleapis.com/v1/operations/cp.7255480672480680441 [none]
[debug] [2022-11-28T20:15:44.641Z] <<< [apiv2][status] GET https://cloudresourcemanager.googleapis.com/v1/operations/cp.7255480672480680441 200
[debug] [2022-11-28T20:15:44.641Z] <<< [apiv2][body] GET https://cloudresourcemanager.googleapis.com/v1/operations/cp.7255480672480680441 {"name":"operations/cp.7255480672480680441"}
[debug] [2022-11-28T20:15:45.143Z] [Project Creation Poller] Retrying task index 0
[debug] [2022-11-28T20:15:45.144Z] >>> [apiv2][query] GET https://cloudresourcemanager.googleapis.com/v1/operations/cp.7255480672480680441 [none]
[debug] [2022-11-28T20:15:47.004Z] <<< [apiv2][status] GET https://cloudresourcemanager.googleapis.com/v1/operations/cp.7255480672480680441 200
[debug] [2022-11-28T20:15:47.004Z] <<< [apiv2][body] GET https://cloudresourcemanager.googleapis.com/v1/operations/cp.7255480672480680441 {"name":"operations/cp.7255480672480680441","metadata":{"@type":"type.googleapis.com/google.cloudresourcemanager.v1.ProjectCreationStatus","gettable":true,"ready":true},"done":true,"response":{"@type":"type.googleapis.com/google.cloudresourcemanager.v1.Project","projectNumber":"1051625440072","projectId":"notification0x339","lifecycleState":"ACTIVE","name":"notificationalert0x337","createTime":"2022-11-28T20:15:42.390Z"}}
[debug] [2022-11-28T20:15:47.006Z] >>> [apiv2][query] POST https://firebase.googleapis.com/v1beta1/projects/notification0x339:addFirebase [none]
[debug] [2022-11-28T20:15:50.507Z] <<< [apiv2][status] POST https://firebase.googleapis.com/v1beta1/projects/notification0x339:addFirebase 200
[debug] [2022-11-28T20:15:50.508Z] <<< [apiv2][body] POST https://firebase.googleapis.com/v1beta1/projects/notification0x339:addFirebase {"name":"operations/workflows/NWE4OGRhYmQtODE0Ny00OWIzLWI1NDMtOWE4ODc2MjYwMTI5"}
[debug] [2022-11-28T20:15:50.510Z] >>> [apiv2][query] GET https://firebase.googleapis.com/v1beta1/operations/workflows/NWE4OGRhYmQtODE0Ny00OWIzLWI1NDMtOWE4ODc2MjYwMTI5 [none]
[debug] [2022-11-28T20:15:51.758Z] <<< [apiv2][status] GET https://firebase.googleapis.com/v1beta1/operations/workflows/NWE4OGRhYmQtODE0Ny00OWIzLWI1NDMtOWE4ODc2MjYwMTI5 200
[debug] [2022-11-28T20:15:51.758Z] <<< [apiv2][body] GET https://firebase.googleapis.com/v1beta1/operations/workflows/NWE4OGRhYmQtODE0Ny00OWIzLWI1NDMtOWE4ODc2MjYwMTI5 {"name":"operations/workflows/NWE4OGRhYmQtODE0Ny00OWIzLWI1NDMtOWE4ODc2MjYwMTI5"}
[debug] [2022-11-28T20:15:52.260Z] [Add Firebase Poller] Retrying task index 0
[debug] [2022-11-28T20:15:52.261Z] >>> [apiv2][query] GET https://firebase.googleapis.com/v1beta1/operations/workflows/NWE4OGRhYmQtODE0Ny00OWIzLWI1NDMtOWE4ODc2MjYwMTI5 [none]
[debug] [2022-11-28T20:15:53.558Z] <<< [apiv2][status] GET https://firebase.googleapis.com/v1beta1/operations/workflows/NWE4OGRhYmQtODE0Ny00OWIzLWI1NDMtOWE4ODc2MjYwMTI5 200
[debug] [2022-11-28T20:15:53.558Z] <<< [apiv2][body] GET https://firebase.googleapis.com/v1beta1/operations/workflows/NWE4OGRhYmQtODE0Ny00OWIzLWI1NDMtOWE4ODc2MjYwMTI5 {"name":"operations/workflows/NWE4OGRhYmQtODE0Ny00OWIzLWI1NDMtOWE4ODc2MjYwMTI5"}
[debug] [2022-11-28T20:15:54.559Z] [Add Firebase Poller] Retrying task index 0
[debug] [2022-11-28T20:15:54.560Z] >>> [apiv2][query] GET https://firebase.googleapis.com/v1beta1/operations/workflows/NWE4OGRhYmQtODE0Ny00OWIzLWI1NDMtOWE4ODc2MjYwMTI5 [none]
[debug] [2022-11-28T20:15:55.697Z] <<< [apiv2][status] GET https://firebase.googleapis.com/v1beta1/operations/workflows/NWE4OGRhYmQtODE0Ny00OWIzLWI1NDMtOWE4ODc2MjYwMTI5 200
[debug] [2022-11-28T20:15:55.697Z] <<< [apiv2][body] GET https://firebase.googleapis.com/v1beta1/operations/workflows/NWE4OGRhYmQtODE0Ny00OWIzLWI1NDMtOWE4ODc2MjYwMTI5 {"name":"operations/workflows/NWE4OGRhYmQtODE0Ny00OWIzLWI1NDMtOWE4ODc2MjYwMTI5"}
[debug] [2022-11-28T20:15:57.698Z] [Add Firebase Poller] Retrying task index 0
[debug] [2022-11-28T20:15:57.699Z] >>> [apiv2][query] GET https://firebase.googleapis.com/v1beta1/operations/workflows/NWE4OGRhYmQtODE0Ny00OWIzLWI1NDMtOWE4ODc2MjYwMTI5 [none]
[debug] [2022-11-28T20:15:59.161Z] <<< [apiv2][status] GET https://firebase.googleapis.com/v1beta1/operations/workflows/NWE4OGRhYmQtODE0Ny00OWIzLWI1NDMtOWE4ODc2MjYwMTI5 200
[debug] [2022-11-28T20:15:59.161Z] <<< [apiv2][body] GET https://firebase.googleapis.com/v1beta1/operations/workflows/NWE4OGRhYmQtODE0Ny00OWIzLWI1NDMtOWE4ODc2MjYwMTI5 {"name":"operations/workflows/NWE4OGRhYmQtODE0Ny00OWIzLWI1NDMtOWE4ODc2MjYwMTI5"}
[debug] [2022-11-28T20:16:03.163Z] [Add Firebase Poller] Retrying task index 0
[debug] [2022-11-28T20:16:03.166Z] >>> [apiv2][query] GET https://firebase.googleapis.com/v1beta1/operations/workflows/NWE4OGRhYmQtODE0Ny00OWIzLWI1NDMtOWE4ODc2MjYwMTI5 [none]
[debug] [2022-11-28T20:16:04.221Z] <<< [apiv2][status] GET https://firebase.googleapis.com/v1beta1/operations/workflows/NWE4OGRhYmQtODE0Ny00OWIzLWI1NDMtOWE4ODc2MjYwMTI5 200
[debug] [2022-11-28T20:16:04.222Z] <<< [apiv2][body] GET https://firebase.googleapis.com/v1beta1/operations/workflows/NWE4OGRhYmQtODE0Ny00OWIzLWI1NDMtOWE4ODc2MjYwMTI5 {"name":"operations/workflows/NWE4OGRhYmQtODE0Ny00OWIzLWI1NDMtOWE4ODc2MjYwMTI5","done":true,"response":{"@type":"type.googleapis.com/google.firebase.service.v1beta1.FirebaseProject","projectId":"notification0x339","projectNumber":"1051625440072","displayName":"notificationalert0x337","name":"projects/notification0x339","resources":{"hostingSite":"notification0x339"}}}
[info] 
[info] 🎉🎉🎉 Your Firebase project is ready! 🎉🎉🎉
[info] 
[info] Project information:
[info]    - Project ID: notification0x339
[info]    - Project Name: notificationalert0x337
[info] 
[info] Firebase console is available at
[info] https://console.firebase.google.com/project/notification0x339/overview
[info] i  Using project notification0x339 (notificationalert0x337) 
[info] 
=== Hosting Setup
[info] 
[info] Your public directory is the folder (relative to your project directory) that
[info] will contain Hosting assets to be uploaded with firebase deploy. If you
[info] have a build process for your assets, use your build's output directory.
[info] 
[info] ✔  Wrote public/404.html 
[debug] [2022-11-28T20:18:59.750Z] >>> [apiv2][query] GET https://www.gstatic.com/firebasejs/releases.json [none]
[debug] [2022-11-28T20:18:59.975Z] <<< [apiv2][status] GET https://www.gstatic.com/firebasejs/releases.json 200
[debug] [2022-11-28T20:18:59.975Z] <<< [apiv2][body] GET https://www.gstatic.com/firebasejs/releases.json {"current":{"version":"9.14.0","browserURL":"https://www.gstatic.com/firebasejs/9.14.0/firebase.js","packageURL":"https://www.gstatic.com/firebasejs/9.14.0/firebase.tgz"},"live":{"version":"9.14","browserURL":"https://www.gstatic.com/firebasejs/live/9.14/firebase.js","packageURL":"https://www.gstatic.com/firebasejs/live/9.14/firebase.tgz"},"components":{"analytics":"https://www.gstatic.com/firebasejs/9.14.0/firebase-analytics.js","app":"https://www.gstatic.com/firebasejs/9.14.0/firebase-app.js","app-check":"https://www.gstatic.com/firebasejs/9.14.0/firebase-app-check.js","auth":"https://www.gstatic.com/firebasejs/9.14.0/firebase-auth.js","auth/cordova":"https://www.gstatic.com/firebasejs/9.14.0/firebase-auth/cordova.js","auth/react-native":"https://www.gstatic.com/firebasejs/9.14.0/firebase-auth/react-native.js","functions":"https://www.gstatic.com/firebasejs/9.14.0/firebase-functions.js","firestore":"https://www.gstatic.com/firebasejs/9.14.0/firebase-firestore.js","firestore/lite":"https://www.gstatic.com/firebasejs/9.14.0/firebase-firestore/lite.js","installations":"https://www.gstatic.com/firebasejs/9.14.0/firebase-installations.js","storage":"https://www.gstatic.com/firebasejs/9.14.0/firebase-storage.js","performance":"https://www.gstatic.com/firebasejs/9.14.0/firebase-performance.js","remote-config":"https://www.gstatic.com/firebasejs/9.14.0/firebase-remote-config.js","messaging":"https://www.gstatic.com/firebasejs/9.14.0/firebase-messaging.js","messaging/sw":"https://www.gstatic.com/firebasejs/9.14.0/firebase-messaging/sw.js","database":"https://www.gstatic.com/firebasejs/9.14.0/firebase-database.js","firestore.memory":"https://www.gstatic.com/firebasejs/9.14.0/firebase-firestore.memory.js"}}
[info] ✔  Wrote public/index.html 
[info] 
[info] i  Detected a .git folder at /Users/eddie/shivamnew 
[info] i  Authorizing with GitHub to upload your service account to a GitHub repository's secrets store. 
[info] 
[info] Visit this URL on this device to log in:
[info] https://github.com/login/oauth/authorize?client_id=89cf50f02ac6aaed3484&state=676075334&redirect_uri=http%3A%2F%2Flocalhost%3A9005&scope=read%3Auser%20repo%20public_repo
[info] 
[info] Waiting for authentication...
[debug] [2022-11-28T20:19:11.372Z] >>> [apiv2][query] POST https://github.com/login/oauth/access_token [none]
[debug] [2022-11-28T20:19:11.373Z] >>> [apiv2][body] POST https://github.com/login/oauth/access_token [stream]
[debug] [2022-11-28T20:19:11.958Z] <<< [apiv2][status] POST https://github.com/login/oauth/access_token 200
[debug] [2022-11-28T20:19:11.958Z] <<< [apiv2][body] POST https://github.com/login/oauth/access_token {"access_token":"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","token_type":"bearer","scope":"read:user,repo"}
[debug] [2022-11-28T20:19:11.986Z] >>> [apiv2][query] GET https://api.github.com/user [none]
[debug] [2022-11-28T20:19:12.456Z] <<< [apiv2][status] GET https://api.github.com/user 200
[debug] [2022-11-28T20:19:12.456Z] <<< [apiv2][body] GET https://api.github.com/user {"login":"Markmorrow007","id":116734424,"node_id":"U_kgDOBvU52A","avatar_url":"https://avatars.githubusercontent.com/u/116734424?v=4","gravatar_id":"","url":"https://api.github.com/users/Markmorrow007","html_url":"https://github.com/Markmorrow007","followers_url":"https://api.github.com/users/Markmorrow007/followers","following_url":"https://api.github.com/users/Markmorrow007/following{/other_user}","gists_url":"https://api.github.com/users/Markmorrow007/gists{/gist_id}","starred_url":"https://api.github.com/users/Markmorrow007/starred{/owner}{/repo}","subscriptions_url":"https://api.github.com/users/Markmorrow007/subscriptions","organizations_url":"https://api.github.com/users/Markmorrow007/orgs","repos_url":"https://api.github.com/users/Markmorrow007/repos","events_url":"https://api.github.com/users/Markmorrow007/events{/privacy}","received_events_url":"https://api.github.com/users/Markmorrow007/received_events","type":"User","site_admin":false,"name":null,"company":null,"blog":"","location":null,"email":null,"hireable":null,"bio":null,"twitter_username":null,"public_repos":16,"public_gists":0,"followers":0,"following":0,"created_at":"2022-10-26T13:31:31Z","updated_at":"2022-11-22T18:47:05Z","private_gists":0,"total_private_repos":0,"owned_private_repos":0,"disk_usage":11582,"collaborators":0,"two_factor_authentication":false,"plan":{"name":"free","space":976562499,"collaborators":0,"private_repos":10000}}
[info] 
[info] ✔  Success! Logged into GitHub as Markmorrow007 
[info] 
